[debug] [2024-10-05T05:47:25.332Z] ----------------------------------------------------------------------
[debug] [2024-10-05T05:47:25.340Z] Command:       C:\Program Files\nodejs\node.exe C:\Users\sdsd\AppData\Roaming\npm\node_modules\firebase-tools\lib\bin\firebase.js init
[debug] [2024-10-05T05:47:25.342Z] CLI Version:   13.20.2
[debug] [2024-10-05T05:47:25.342Z] Platform:      win32
[debug] [2024-10-05T05:47:25.342Z] Node Version:  v22.2.0
[debug] [2024-10-05T05:47:25.343Z] Time:          Sat Oct 05 2024 08:47:25 GMT+0300 (Eastern European Summer Time)
[debug] [2024-10-05T05:47:25.344Z] ----------------------------------------------------------------------
[debug] 
[debug] [2024-10-05T05:47:25.364Z] > command requires scopes: ["email","openid","https://www.googleapis.com/auth/cloudplatformprojects.readonly","https://www.googleapis.com/auth/firebase","https://www.googleapis.com/auth/cloud-platform"]
[debug] [2024-10-05T05:47:25.365Z] > authorizing via signed-in user (almsrybdalrhmn111@gmail.com)
[info] 
     ######## #### ########  ######## ########     ###     ######  ########
     ##        ##  ##     ## ##       ##     ##  ##   ##  ##       ##
     ######    ##  ########  ######   ########  #########  ######  ######
     ##        ##  ##    ##  ##       ##     ## ##     ##       ## ##
     ##       #### ##     ## ######## ########  ##     ##  ######  ########

You're about to initialize a Firebase project in this directory:

  C:\Users\sdsd\Desktop\haha\my-app

[info] 
=== Project Setup
[info] 
[info] First, let's associate this project directory with a Firebase project.
[info] You can create multiple project aliases by running firebase use --add, 
[info] but for now we'll just set up a default project.
[info] 
[debug] [2024-10-05T05:47:38.266Z] Checked if tokens are valid: false, expires at: 1723820547592
[debug] [2024-10-05T05:47:38.266Z] Checked if tokens are valid: false, expires at: 1723820547592
[debug] [2024-10-05T05:47:38.267Z] > refreshing access token with scopes: []
[debug] [2024-10-05T05:47:38.271Z] >>> [apiv2][query] POST https://www.googleapis.com/oauth2/v3/token [none]
[debug] [2024-10-05T05:47:38.271Z] >>> [apiv2][body] POST https://www.googleapis.com/oauth2/v3/token [omitted]
[debug] [2024-10-05T05:47:38.758Z] <<< [apiv2][status] POST https://www.googleapis.com/oauth2/v3/token 400
[debug] [2024-10-05T05:47:38.758Z] <<< [apiv2][body] POST https://www.googleapis.com/oauth2/v3/token [omitted]
[debug] [2024-10-05T05:47:38.760Z] >>> [apiv2][query] GET https://firebase.googleapis.com/v1beta1/projects pageSize=100
[debug] [2024-10-05T05:47:39.046Z] <<< [apiv2][status] GET https://firebase.googleapis.com/v1beta1/projects 401
[debug] [2024-10-05T05:47:39.047Z] <<< [apiv2][body] GET https://firebase.googleapis.com/v1beta1/projects [omitted]
[debug] [2024-10-05T05:47:39.047Z] Got a 401 Unauthenticated error for a call that required authentication. Refreshing tokens.
[debug] [2024-10-05T05:47:39.047Z] Checked if tokens are valid: false, expires at: 1723820547592
[debug] [2024-10-05T05:47:39.047Z] Checked if tokens are valid: false, expires at: 1723820547592
[debug] [2024-10-05T05:47:39.047Z] > refreshing access token with scopes: []
[debug] [2024-10-05T05:47:39.049Z] >>> [apiv2][query] POST https://www.googleapis.com/oauth2/v3/token [none]
[debug] [2024-10-05T05:47:39.049Z] >>> [apiv2][body] POST https://www.googleapis.com/oauth2/v3/token [omitted]
[debug] [2024-10-05T05:47:39.157Z] <<< [apiv2][status] POST https://www.googleapis.com/oauth2/v3/token 400
[debug] [2024-10-05T05:47:39.157Z] <<< [apiv2][body] POST https://www.googleapis.com/oauth2/v3/token [omitted]
[debug] [2024-10-05T05:47:39.158Z] HTTP Error: 401, Request had invalid authentication credentials. Expected OAuth 2 access token, login cookie or other valid authentication credential. See https://developers.google.com/identity/sign-in/web/devconsole-project.
[debug] [2024-10-05T05:47:39.447Z] FirebaseError: HTTP Error: 401, Request had invalid authentication credentials. Expected OAuth 2 access token, login cookie or other valid authentication credential. See https://developers.google.com/identity/sign-in/web/devconsole-project.
    at responseToError (C:\Users\sdsd\AppData\Roaming\npm\node_modules\firebase-tools\lib\responseToError.js:49:12)
    at RetryOperation._fn (C:\Users\sdsd\AppData\Roaming\npm\node_modules\firebase-tools\lib\apiv2.js:312:77)
    at process.processTicksAndRejections (node:internal/process/task_queues:95:5)
[error] 
[error] Error: Failed to list Firebase projects. See firebase-debug.log for more info.
[debug] [2024-10-05T05:58:35.312Z] ----------------------------------------------------------------------
[debug] [2024-10-05T05:58:35.684Z] Command:       C:\Program Files\nodejs\node.exe C:\Users\sdsd\AppData\Roaming\npm\node_modules\firebase-tools\lib\bin\firebase.js init
[debug] [2024-10-05T05:58:35.684Z] CLI Version:   13.20.2
[debug] [2024-10-05T05:58:35.685Z] Platform:      win32
[debug] [2024-10-05T05:58:35.685Z] Node Version:  v22.2.0
[debug] [2024-10-05T05:58:35.702Z] Time:          Sat Oct 05 2024 08:58:35 GMT+0300 (Eastern European Summer Time)
[debug] [2024-10-05T05:58:35.702Z] ----------------------------------------------------------------------
[debug] 
[debug] [2024-10-05T05:58:35.833Z] > command requires scopes: ["email","openid","https://www.googleapis.com/auth/cloudplatformprojects.readonly","https://www.googleapis.com/auth/firebase","https://www.googleapis.com/auth/cloud-platform"]
[debug] [2024-10-05T05:58:35.836Z] > authorizing via signed-in user (almsrybdalrhmn111@gmail.com)
[info] 
     ######## #### ########  ######## ########     ###     ######  ########
     ##        ##  ##     ## ##       ##     ##  ##   ##  ##       ##
     ######    ##  ########  ######   ########  #########  ######  ######
     ##        ##  ##    ##  ##       ##     ## ##     ##       ## ##
     ##       #### ##     ## ######## ########  ##     ##  ######  ########

You're about to initialize a Firebase project in this directory:

  C:\Users\sdsd\Desktop\haha\my-app

[info] 
=== Project Setup
[info] 
[info] First, let's associate this project directory with a Firebase project.
[info] You can create multiple project aliases by running firebase use --add, 
[info] but for now we'll just set up a default project.
[info] 
[debug] [2024-10-05T05:58:44.354Z] Checked if tokens are valid: false, expires at: 1723820547592
[debug] [2024-10-05T05:58:44.355Z] Checked if tokens are valid: false, expires at: 1723820547592
[debug] [2024-10-05T05:58:44.356Z] > refreshing access token with scopes: []
[debug] [2024-10-05T05:58:44.365Z] >>> [apiv2][query] POST https://www.googleapis.com/oauth2/v3/token [none]
[debug] [2024-10-05T05:58:44.366Z] >>> [apiv2][body] POST https://www.googleapis.com/oauth2/v3/token [omitted]
[debug] [2024-10-05T05:58:45.360Z] <<< [apiv2][status] POST https://www.googleapis.com/oauth2/v3/token 400
[debug] [2024-10-05T05:58:45.361Z] <<< [apiv2][body] POST https://www.googleapis.com/oauth2/v3/token [omitted]
[debug] [2024-10-05T05:58:45.376Z] >>> [apiv2][query] GET https://firebase.googleapis.com/v1beta1/projects pageSize=100
[debug] [2024-10-05T05:58:45.765Z] <<< [apiv2][status] GET https://firebase.googleapis.com/v1beta1/projects 401
[debug] [2024-10-05T05:58:45.765Z] <<< [apiv2][body] GET https://firebase.googleapis.com/v1beta1/projects [omitted]
[debug] [2024-10-05T05:58:45.765Z] Got a 401 Unauthenticated error for a call that required authentication. Refreshing tokens.
[debug] [2024-10-05T05:58:45.765Z] Checked if tokens are valid: false, expires at: 1723820547592
[debug] [2024-10-05T05:58:45.765Z] Checked if tokens are valid: false, expires at: 1723820547592
[debug] [2024-10-05T05:58:45.765Z] > refreshing access token with scopes: []
[debug] [2024-10-05T05:58:45.767Z] >>> [apiv2][query] POST https://www.googleapis.com/oauth2/v3/token [none]
[debug] [2024-10-05T05:58:45.767Z] >>> [apiv2][body] POST https://www.googleapis.com/oauth2/v3/token [omitted]
[debug] [2024-10-05T05:58:45.894Z] <<< [apiv2][status] POST https://www.googleapis.com/oauth2/v3/token 400
[debug] [2024-10-05T05:58:45.894Z] <<< [apiv2][body] POST https://www.googleapis.com/oauth2/v3/token [omitted]
[debug] [2024-10-05T05:58:45.896Z] HTTP Error: 401, Request had invalid authentication credentials. Expected OAuth 2 access token, login cookie or other valid authentication credential. See https://developers.google.com/identity/sign-in/web/devconsole-project.
[debug] [2024-10-05T05:58:46.211Z] FirebaseError: HTTP Error: 401, Request had invalid authentication credentials. Expected OAuth 2 access token, login cookie or other valid authentication credential. See https://developers.google.com/identity/sign-in/web/devconsole-project.
    at responseToError (C:\Users\sdsd\AppData\Roaming\npm\node_modules\firebase-tools\lib\responseToError.js:49:12)
    at RetryOperation._fn (C:\Users\sdsd\AppData\Roaming\npm\node_modules\firebase-tools\lib\apiv2.js:312:77)
    at process.processTicksAndRejections (node:internal/process/task_queues:95:5)
[error] 
[error] Error: Failed to list Firebase projects. See firebase-debug.log for more info.
